[debug] [2023-08-06T11:28:09.688Z] ----------------------------------------------------------------------
[debug] [2023-08-06T11:28:09.691Z] Command:       /usr/local/bin/firebase /Users/prakashsingh/.cache/firebase/tools/lib/node_modules/firebase-tools/lib/bin/firebase init
[debug] [2023-08-06T11:28:09.691Z] CLI Version:   12.4.7
[debug] [2023-08-06T11:28:09.691Z] Platform:      darwin
[debug] [2023-08-06T11:28:09.692Z] Node Version:  v16.16.0
[debug] [2023-08-06T11:28:09.698Z] Time:          Sun Aug 06 2023 16:58:09 GMT+0530 (India Standard Time)
[debug] [2023-08-06T11:28:09.698Z] ----------------------------------------------------------------------
[debug] 
[debug] [2023-08-06T11:28:09.709Z] > command requires scopes: ["email","openid","https://www.googleapis.com/auth/cloudplatformprojects.readonly","https://www.googleapis.com/auth/firebase","https://www.googleapis.com/auth/cloud-platform"]
[debug] [2023-08-06T11:28:09.710Z] > authorizing via signed-in user (prakashnegi668@gmail.com)
[info] 
     ######## #### ########  ######## ########     ###     ######  ########
     ##        ##  ##     ## ##       ##     ##  ##   ##  ##       ##
     ######    ##  ########  ######   ########  #########  ######  ######
     ##        ##  ##    ##  ##       ##     ## ##     ##       ## ##
     ##       #### ##     ## ######## ########  ##     ##  ######  ########

You're about to initialize a Firebase project in this directory:

  /Users/prakashsingh/Desktop/myportfolio

[info] 
=== Project Setup
[info] 
[info] First, let's associate this project directory with a Firebase project.
[info] You can create multiple project aliases by running firebase use --add, 
[info] but for now we'll just set up a default project.
[info] 
[debug] [2023-08-06T11:29:37.776Z] >>> [apiv2][query] GET https://firebase.googleapis.com/v1beta1/projects pageSize=100
[debug] [2023-08-06T11:30:07.780Z] *** [apiv2] error from fetch(https://firebase.googleapis.com/v1beta1/projects?pageSize=100, {"headers":{},"method":"GET","signal":{}}): AbortError: The user aborted a request.
[debug] [2023-08-06T11:30:07.786Z] Timeout reached making request to https://firebase.googleapis.com/v1beta1/projects?pageSize=100
[debug] [2023-08-06T11:30:08.024Z] FirebaseError: Timeout reached making request to https://firebase.googleapis.com/v1beta1/projects?pageSize=100
    at RetryOperation._fn (/Users/prakashsingh/.cache/firebase/tools/lib/node_modules/firebase-tools/lib/apiv2.js:235:35)
    at processTicksAndRejections (node:internal/process/task_queues:96:5)
[error] 
[error] Error: Failed to list Firebase projects. See firebase-debug.log for more info.
